<?xml version="1.0" encoding="utf-8"?><testsuites name="pytest tests"><testsuite name="pytest" errors="0" failures="2" skipped="0" tests="16" time="6.001" timestamp="2026-08-28T12:35:42.800124+00:00" hostname="agent-env-368dc513-6eec-4ffd-873d-dd003c4cf1d7"><testcase classname="tests.test_auth.TestAuth" name="test_root" time="0.283" /><testcase classname="tests.test_auth.TestAuth" name="test_login_success" time="0.563" /><testcase classname="tests.test_master_data.TestProducts" name="test_products_seeded" time="0.843"><failure message="AssertionError: unexpected categories {'Kemasan'}&#10;assert {'Beras', 'Gu...argarin', ...} &lt;= {'Beras', 'Gu...'Minyak', ...}&#10;  &#10;  Extra items in the left set:&#10;  'Kemasan'">tests/test_master_data.py:22: in test_products_seeded
    assert cats &lt;= EXPECTED_CATEGORIES, f"unexpected categories {cats - EXPECTED_CATEGORIES}"
E   AssertionError: unexpected categories {'Kemasan'}
E   assert {'Beras', 'Gu...argarin', ...} &lt;= {'Beras', 'Gu...'Minyak', ...}
E     
E     Extra items in the left set:
E     'Kemasan'</failure></testcase><testcase classname="tests.test_auth.TestAuth" name="test_login_wrong_password" time="0.412" /><testcase classname="tests.test_master_data.TestProducts" name="test_specific_product_stock" time="0.071" /><testcase classname="tests.test_master_data.TestProducts" name="test_product_crud" time="0.621" /><testcase classname="tests.test_auth.TestAuth" name="test_login_unknown_user" time="0.161" /><testcase classname="tests.test_auth.TestAuth" name="test_login_username_case_insensitive" time="0.418" /><testcase classname="tests.test_master_data.TestProducts" name="test_update_missing_product_404" time="0.240" /><testcase classname="tests.test_auth.TestAuthGuards" name="test_all_data_endpoints_require_auth" time="1.209" /><testcase classname="tests.test_auth.TestAuth" name="test_me" time="0.546" /><testcase classname="tests.test_auth.TestAuth" name="test_me_bad_token" time="0.139" /><testcase classname="tests.test_auth.TestAuth" name="test_brute_force_lockout" time="2.897"><failure message="AssertionError: no lockout, codes=[401, 401, 401, 401, 401, 401, 401]&#10;assert (429 in [401, 401, 401, 401, 401, 401, ...] or 423 in [401, 401, 401, 401, 401, 401, ...])">tests/test_auth.py:52: in test_brute_force_lockout
    assert 429 in codes or 423 in codes, f"no lockout, codes={codes}"
E   AssertionError: no lockout, codes=[401, 401, 401, 401, 401, 401, 401]
E   assert (429 in [401, 401, 401, 401, 401, 401, ...] or 423 in [401, 401, 401, 401, 401, 401, ...])</failure></testcase><testcase classname="tests.test_auth.TestAuthGuards" name="test_admin_endpoints_require_auth" time="0.153" /><testcase classname="tests.test_master_data.TestSuppliers" name="test_suppliers_seeded" time="0.757" /><testcase classname="tests.test_master_data.TestSuppliers" name="test_supplier_crud" time="0.717" /></testsuite></testsuites>