<?xml version="1.0" encoding="utf-8"?><testsuites name="pytest tests"><testsuite name="pytest" errors="0" failures="0" skipped="0" tests="4" time="5.051" timestamp="2026-08-28T12:36:10.123909+00:00" hostname="agent-env-368dc513-6eec-4ffd-873d-dd003c4cf1d7"><testcase classname="tests.test_users.TestUserManagement" name="test_full_user_lifecycle" time="3.595" /><testcase classname="tests.test_users.TestUserManagement" name="test_admin_self_guards" time="0.306" /><testcase classname="tests.test_users.TestUserManagement" name="test_delete_last_administrator_blocked" time="0.481" /><testcase classname="tests.test_users.TestUserManagement" name="test_update_missing_user_404" time="0.120" /></testsuite></testsuites>