<?xml version="1.0" encoding="utf-8"?><testsuites name="pytest tests"><testsuite name="pytest" errors="0" failures="1" skipped="0" tests="8" time="2.832" timestamp="2026-08-28T12:36:20.940532+00:00" hostname="agent-env-368dc513-6eec-4ffd-873d-dd003c4cf1d7"><testcase classname="tests.test_operations.TestCsvImport" name="test_import_upsert" time="0.952" /><testcase classname="tests.test_operations.TestTransactions" name="test_masuk_increases_stock" time="0.950" /><testcase classname="tests.test_operations.TestCsvImport" name="test_import_invalid_file" time="0.129" /><testcase classname="tests.test_operations.TestTransactions" name="test_keluar_creates_surat_jalan_and_status_flow" time="0.768" /><testcase classname="tests.test_operations.TestPurchaseOrders" name="test_create_po_sequence" time="0.772" /><testcase classname="tests.test_operations.TestTransactions" name="test_keluar_over_stock_400" time="0.132" /><testcase classname="tests.test_operations.TestTransactions" name="test_invalid_type_and_empty_items" time="0.262" /><testcase classname="tests.test_operations.TestTransactions" name="test_negative_qty_masuk" time="0.132"><failure message="AssertionError: negative qty accepted (200)&#10;assert 200 in (400, 422)&#10; +  where 200 = &lt;Response [200]&gt;.status_code">tests/test_operations.py:72: in test_negative_qty_masuk
    assert r.status_code in (400, 422), f"negative qty accepted ({r.status_code})"
E   AssertionError: negative qty accepted (200)
E   assert 200 in (400, 422)
E    +  where 200 = &lt;Response [200]&gt;.status_code</failure></testcase></testsuite></testsuites>