<?xml version="1.0" encoding="utf-8"?><testsuites name="pytest tests"><testsuite name="pytest" errors="0" failures="0" skipped="0" tests="6" time="3.085" timestamp="2026-08-28T12:36:50.323973+00:00" hostname="agent-env-368dc513-6eec-4ffd-873d-dd003c4cf1d7"><testcase classname="tests.test_google_session.TestGoogleSession" name="test_me_with_session_token" time="0.809" /><testcase classname="tests.test_google_session.TestGoogleSession" name="test_data_endpoint_with_session_token" time="0.221" /><testcase classname="tests.test_google_session.TestGoogleSession" name="test_expired_session_rejected" time="0.146" /><testcase classname="tests.test_google_session.TestGoogleSession" name="test_non_admin_google_user_blocked_from_admin" time="0.284" /><testcase classname="tests.test_google_session.TestGoogleSession" name="test_logout_invalidates_session" time="0.280" /><testcase classname="tests.test_google_session.TestGoogleSession" name="test_invalid_session_id_exchange" time="0.756" /></testsuite></testsuites>