<?xml version="1.0" encoding="utf-8"?><testsuites name="pytest tests"><testsuite name="pytest" errors="0" failures="2" skipped="0" tests="2" time="3.228" timestamp="2026-08-28T12:42:22.995977+00:00" hostname="agent-env-368dc513-6eec-4ffd-873d-dd003c4cf1d7"><testcase classname="tests.test_rbac_writes.TestRoleWritePermissions" name="test_pemantau_cannot_delete_product" time="1.712"><failure message="AssertionError: read-only Pemantau deleted a product (status 200)&#10;assert 200 == 403&#10; +  where 200 = &lt;Response [200]&gt;.status_code">E   AssertionError: read-only Pemantau deleted a product (status 200)
    assert 200 == 403
     +  where 200 = &lt;Response [200]&gt;.status_code</failure></testcase><testcase classname="tests.test_rbac_writes.TestRoleWritePermissions" name="test_pemantau_cannot_create_transaction" time="1.022"><failure message="AssertionError: read-only Pemantau created a stock transaction (status 200)&#10;assert 200 == 403&#10; +  where 200 = &lt;Response [200]&gt;.status_code">E   AssertionError: read-only Pemantau created a stock transaction (status 200)
    assert 200 == 403
     +  where 200 = &lt;Response [200]&gt;.status_code</failure></testcase></testsuite></testsuites>