<?xml version="1.0" encoding="utf-8"?><testsuites name="pytest tests"><testsuite name="pytest" errors="0" failures="1" skipped="0" tests="26" time="8.232" timestamp="2026-08-28T12:50:51.018771+00:00" hostname="agent-env-368dc513-6eec-4ffd-873d-dd003c4cf1d7"><testcase classname="tests.test_auth.TestAuth" name="test_root" time="0.389" /><testcase classname="tests.test_auth.TestAuth" name="test_login_success" time="0.346" /><testcase classname="tests.test_auth.TestAuth" name="test_login_wrong_password" time="0.523" /><testcase classname="tests.test_auth.TestAuth" name="test_login_unknown_user" time="0.247" /><testcase classname="tests.test_fixes.TestPemantauReadOnly" name="test_pemantau_reads_allowed" time="2.388" /><testcase classname="tests.test_auth.TestAuth" name="test_login_username_case_insensitive" time="0.403" /><testcase classname="tests.test_auth.TestAuth" name="test_me" time="0.470" /><testcase classname="tests.test_auth.TestAuth" name="test_me_bad_token" time="0.132" /><testcase classname="tests.test_fixes.TestPemantauReadOnly" name="test_pemantau_writes_forbidden" time="0.826" /><testcase classname="tests.test_auth.TestAuth" name="test_brute_force_lockout" time="1.599" /><testcase classname="tests.test_fixes.TestPemantauReadOnly" name="test_pemantau_csv_import_forbidden" time="0.117" /><testcase classname="tests.test_fixes.TestPemantauReadOnly" name="test_pemantau_cannot_manage_users" time="0.058" /><testcase classname="tests.test_fixes.TestPemantauReadOnly" name="test_product_untouched_after_pemantau_attempts" time="0.168" /><testcase classname="tests.test_fixes.TestQtyValidation" name="test_negative_qty_rejected" time="0.622" /><testcase classname="tests.test_auth.TestAuth" name="test_admin_still_usable_after_bruteforce" time="0.407" /><testcase classname="tests.test_fixes.TestQtyValidation" name="test_zero_qty_rejected" time="0.294" /><testcase classname="tests.test_fixes.TestRusakKeluar" name="test_rusak_keluar_insufficient_400" time="0.744" /><testcase classname="tests.test_fixes.TestDelete404" name="test_delete_unknown_product_404" time="0.782" /><testcase classname="tests.test_fixes.TestRusakKeluar" name="test_rusak_masuk_then_keluar_ok" time="0.407" /><testcase classname="tests.test_fixes.TestDelete404" name="test_delete_unknown_supplier_404" time="0.070" /><testcase classname="tests.test_fixes.TestDelete404" name="test_update_unknown_supplier_404" time="0.108"><failure message="AssertionError: 200&#10;assert 200 == 404&#10; +  where 200 = &lt;Response [200]&gt;.status_code">tests/test_fixes.py:169: in test_update_unknown_supplier_404
    assert r.status_code == 404, r.status_code
E   AssertionError: 200
E   assert 200 == 404
E    +  where 200 = &lt;Response [200]&gt;.status_code</failure></testcase><testcase classname="tests.test_auth.TestAuthGuards" name="test_all_data_endpoints_require_auth" time="0.765" /><testcase classname="tests.test_fixes.TestCors" name="test_cors_explicit_origin" time="0.002" /><testcase classname="tests.test_fixes.TestCors" name="test_cors_rejects_unknown_origin" time="0.002" /><testcase classname="tests.test_auth.TestAuthGuards" name="test_admin_endpoints_require_auth" time="0.164" /><testcase classname="tests.test_fixes.TestRefFormat" name="test_auto_ref_format" time="0.693" /></testsuite></testsuites>