<?xml version="1.0" encoding="utf-8"?><testsuites name="pytest tests"><testsuite name="pytest" errors="0" failures="0" skipped="0" tests="10" time="5.915" timestamp="2026-08-28T12:51:05.173218+00:00" hostname="agent-env-368dc513-6eec-4ffd-873d-dd003c4cf1d7"><testcase classname="tests.test_users.TestUserManagement" name="test_full_user_lifecycle" time="4.217" /><testcase classname="tests.test_master_data.TestProducts" name="test_products_seeded" time="0.939" /><testcase classname="tests.test_master_data.TestProducts" name="test_specific_product_stock" time="0.074" /><testcase classname="tests.test_master_data.TestProducts" name="test_product_crud" time="0.613" /><testcase classname="tests.test_master_data.TestProducts" name="test_update_missing_product_404" time="0.063" /><testcase classname="tests.test_master_data.TestSuppliers" name="test_suppliers_seeded" time="0.502" /><testcase classname="tests.test_master_data.TestSuppliers" name="test_supplier_crud" time="0.483" /><testcase classname="tests.test_users.TestUserManagement" name="test_admin_self_guards" time="0.430" /><testcase classname="tests.test_users.TestUserManagement" name="test_delete_last_administrator_blocked" time="0.540" /><testcase classname="tests.test_users.TestUserManagement" name="test_update_missing_user_404" time="0.168" /></testsuite></testsuites>