<?xml version="1.0" encoding="utf-8"?><testsuites name="pytest tests"><testsuite name="pytest" errors="0" failures="0" skipped="0" tests="16" time="5.905" timestamp="2026-08-28T12:51:14.993852+00:00" hostname="agent-env-368dc513-6eec-4ffd-873d-dd003c4cf1d7"><testcase classname="tests.test_operations.TestTransactions" name="test_masuk_increases_stock" time="1.115" /><testcase classname="tests.test_google_session.TestGoogleSession" name="test_me_with_session_token" time="0.883" /><testcase classname="tests.test_google_session.TestGoogleSession" name="test_data_endpoint_with_session_token" time="0.137" /><testcase classname="tests.test_google_session.TestGoogleSession" name="test_expired_session_rejected" time="0.159" /><testcase classname="tests.test_operations.TestTransactions" name="test_keluar_creates_surat_jalan_and_status_flow" time="0.641" /><testcase classname="tests.test_google_session.TestGoogleSession" name="test_non_admin_google_user_blocked_from_admin" time="0.265" /><testcase classname="tests.test_google_session.TestGoogleSession" name="test_logout_invalidates_session" time="0.255" /><testcase classname="tests.test_google_session.TestGoogleSession" name="test_invalid_session_id_exchange" time="0.725" /><testcase classname="tests.test_operations.TestTransactions" name="test_keluar_over_stock_400" time="0.166" /><testcase classname="tests.test_operations.TestTransactions" name="test_invalid_type_and_empty_items" time="0.338" /><testcase classname="tests.test_operations.TestTransactions" name="test_negative_qty_masuk" time="0.167" /><testcase classname="tests.test_rbac_writes.TestRoleWritePermissions" name="test_pemantau_cannot_delete_product" time="1.896" /><testcase classname="tests.test_operations.TestCsvImport" name="test_import_upsert" time="1.408" /><testcase classname="tests.test_operations.TestCsvImport" name="test_import_invalid_file" time="0.130" /><testcase classname="tests.test_operations.TestPurchaseOrders" name="test_create_po_sequence" time="0.782" /><testcase classname="tests.test_rbac_writes.TestRoleWritePermissions" name="test_pemantau_cannot_create_transaction" time="1.029" /></testsuite></testsuites>